2022-03-06 17:19:42,047 [Worker-2: Loading available Gradle versions] INFO  o.e.b.c.i.u.g.PublishedGradleVersions - Gradle version information cache is up-to-date. Trying to read.
2022-03-06 17:21:11,256 [Worker-13: Creating maven-archetype-quickstart] INFO  o.e.m.c.i.p.ProjectConfigurationManager - Collecting project info '/pom.xml' /home/faruk/kodlama.io.java/Katmanlı Mimari/nLayeredDemo/pom.xml
2022-03-06 17:21:11,958 [Worker-13: Creating maven-archetype-quickstart] INFO  o.e.m.c.i.l.LifecycleMappingFactory - Using org.eclipse.m2e.jdt.JarLifecycleMapping lifecycle mapping for MavenProject: com:nLayeredDemo:0.0.1-SNAPSHOT @ /home/faruk/kodlama.io.java/Katmanlı Mimari/nLayeredDemo/pom.xml.
2022-03-06 17:21:12,438 [Worker-13: Creating maven-archetype-quickstart] INFO  o.e.m.j.i.AbstractJavaProjectConfigurator - Adding source folder /nLayeredDemo/src/main/java
2022-03-06 17:21:12,440 [Worker-13: Creating maven-archetype-quickstart] INFO  o.e.m.j.i.AbstractJavaProjectConfigurator - Adding source folder /nLayeredDemo/src/test/java
2022-03-06 17:21:12,528 [Worker-13: Creating maven-archetype-quickstart] INFO  o.e.m.c.i.p.ProjectConfigurationManager - Imported and configured 1 project(s) in 1 sec
2022-03-06 17:21:13,582 [Worker-9: Building] INFO  o.e.m.c.i.embedder.EclipseLogger - Using 'UTF-8' encoding to copy filtered resources.
2022-03-06 17:21:13,583 [Worker-9: Building] INFO  o.e.m.c.i.embedder.EclipseLogger - skip non existing resourceDirectory /home/faruk/kodlama.io.java/Katmanlı Mimari/nLayeredDemo/src/main/resources
2022-03-06 17:21:13,586 [Worker-9: Building] INFO  o.e.m.c.i.embedder.EclipseLogger - Using 'UTF-8' encoding to copy filtered resources.
2022-03-06 17:21:13,586 [Worker-9: Building] INFO  o.e.m.c.i.embedder.EclipseLogger - skip non existing resourceDirectory /home/faruk/kodlama.io.java/Katmanlı Mimari/nLayeredDemo/src/test/resources
2022-03-06 17:21:52,275 [Worker-20: Building] INFO  o.e.m.c.i.embedder.EclipseLogger - Using 'UTF-8' encoding to copy filtered resources.
2022-03-06 17:21:52,275 [Worker-20: Building] INFO  o.e.m.c.i.embedder.EclipseLogger - skip non existing resourceDirectory /home/faruk/kodlama.io.java/Katmanlı Mimari/nLayeredDemo/src/main/resources
2022-03-06 17:21:52,277 [Worker-20: Building] INFO  o.e.m.c.i.embedder.EclipseLogger - Using 'UTF-8' encoding to copy filtered resources.
2022-03-06 17:21:52,277 [Worker-20: Building] INFO  o.e.m.c.i.embedder.EclipseLogger - skip non existing resourceDirectory /home/faruk/kodlama.io.java/Katmanlı Mimari/nLayeredDemo/src/test/resources
2022-03-06 17:22:50,254 [Worker-1: Building] INFO  o.e.m.c.i.embedder.EclipseLogger - Using 'UTF-8' encoding to copy filtered resources.
2022-03-06 17:22:50,254 [Worker-1: Building] INFO  o.e.m.c.i.embedder.EclipseLogger - skip non existing resourceDirectory /home/faruk/kodlama.io.java/Katmanlı Mimari/nLayeredDemo/src/main/resources
2022-03-06 17:22:50,255 [Worker-1: Building] INFO  o.e.m.c.i.embedder.EclipseLogger - Using 'UTF-8' encoding to copy filtered resources.
2022-03-06 17:22:50,255 [Worker-1: Building] INFO  o.e.m.c.i.embedder.EclipseLogger - skip non existing resourceDirectory /home/faruk/kodlama.io.java/Katmanlı Mimari/nLayeredDemo/src/test/resources
2022-03-06 17:22:55,788 [Worker-7: Building] INFO  o.e.m.c.i.embedder.EclipseLogger - Using 'UTF-8' encoding to copy filtered resources.
2022-03-06 17:22:55,788 [Worker-7: Building] INFO  o.e.m.c.i.embedder.EclipseLogger - skip non existing resourceDirectory /home/faruk/kodlama.io.java/Katmanlı Mimari/nLayeredDemo/src/main/resources
2022-03-06 17:22:55,790 [Worker-7: Building] INFO  o.e.m.c.i.embedder.EclipseLogger - Using 'UTF-8' encoding to copy filtered resources.
2022-03-06 17:22:55,790 [Worker-7: Building] INFO  o.e.m.c.i.embedder.EclipseLogger - skip non existing resourceDirectory /home/faruk/kodlama.io.java/Katmanlı Mimari/nLayeredDemo/src/test/resources
2022-03-06 17:23:11,012 [Worker-16: Building] INFO  o.e.m.c.i.embedder.EclipseLogger - Using 'UTF-8' encoding to copy filtered resources.
2022-03-06 17:23:11,013 [Worker-16: Building] INFO  o.e.m.c.i.embedder.EclipseLogger - skip non existing resourceDirectory /home/faruk/kodlama.io.java/Katmanlı Mimari/nLayeredDemo/src/main/resources
2022-03-06 17:23:11,016 [Worker-16: Building] INFO  o.e.m.c.i.embedder.EclipseLogger - Using 'UTF-8' encoding to copy filtered resources.
2022-03-06 17:23:11,016 [Worker-16: Building] INFO  o.e.m.c.i.embedder.EclipseLogger - skip non existing resourceDirectory /home/faruk/kodlama.io.java/Katmanlı Mimari/nLayeredDemo/src/test/resources
2022-03-06 17:23:19,339 [Worker-5: Building] INFO  o.e.m.c.i.embedder.EclipseLogger - Using 'UTF-8' encoding to copy filtered resources.
2022-03-06 17:23:19,343 [Worker-5: Building] INFO  o.e.m.c.i.embedder.EclipseLogger - skip non existing resourceDirectory /home/faruk/kodlama.io.java/Katmanlı Mimari/nLayeredDemo/src/main/resources
2022-03-06 17:23:19,346 [Worker-5: Building] INFO  o.e.m.c.i.embedder.EclipseLogger - Using 'UTF-8' encoding to copy filtered resources.
2022-03-06 17:23:19,346 [Worker-5: Building] INFO  o.e.m.c.i.embedder.EclipseLogger - skip non existing resourceDirectory /home/faruk/kodlama.io.java/Katmanlı Mimari/nLayeredDemo/src/test/resources
2022-03-06 17:23:25,531 [Worker-14: Building] INFO  o.e.m.c.i.embedder.EclipseLogger - Using 'UTF-8' encoding to copy filtered resources.
2022-03-06 17:23:25,532 [Worker-14: Building] INFO  o.e.m.c.i.embedder.EclipseLogger - skip non existing resourceDirectory /home/faruk/kodlama.io.java/Katmanlı Mimari/nLayeredDemo/src/main/resources
2022-03-06 17:23:25,537 [Worker-14: Building] INFO  o.e.m.c.i.embedder.EclipseLogger - Using 'UTF-8' encoding to copy filtered resources.
2022-03-06 17:23:25,537 [Worker-14: Building] INFO  o.e.m.c.i.embedder.EclipseLogger - skip non existing resourceDirectory /home/faruk/kodlama.io.java/Katmanlı Mimari/nLayeredDemo/src/test/resources
2022-03-06 17:28:05,400 [Worker-21: Building] INFO  o.e.m.c.i.embedder.EclipseLogger - Using 'UTF-8' encoding to copy filtered resources.
2022-03-06 17:28:05,400 [Worker-21: Building] INFO  o.e.m.c.i.embedder.EclipseLogger - skip non existing resourceDirectory /home/faruk/kodlama.io.java/Katmanlı Mimari/nLayeredDemo/src/main/resources
2022-03-06 17:28:05,402 [Worker-21: Building] INFO  o.e.m.c.i.embedder.EclipseLogger - Using 'UTF-8' encoding to copy filtered resources.
2022-03-06 17:28:05,402 [Worker-21: Building] INFO  o.e.m.c.i.embedder.EclipseLogger - skip non existing resourceDirectory /home/faruk/kodlama.io.java/Katmanlı Mimari/nLayeredDemo/src/test/resources
2022-03-06 17:28:16,442 [Worker-21: Building] INFO  o.e.m.c.i.embedder.EclipseLogger - Using 'UTF-8' encoding to copy filtered resources.
2022-03-06 17:28:16,442 [Worker-21: Building] INFO  o.e.m.c.i.embedder.EclipseLogger - skip non existing resourceDirectory /home/faruk/kodlama.io.java/Katmanlı Mimari/nLayeredDemo/src/main/resources
2022-03-06 17:28:16,443 [Worker-21: Building] INFO  o.e.m.c.i.embedder.EclipseLogger - Using 'UTF-8' encoding to copy filtered resources.
2022-03-06 17:28:16,443 [Worker-21: Building] INFO  o.e.m.c.i.embedder.EclipseLogger - skip non existing resourceDirectory /home/faruk/kodlama.io.java/Katmanlı Mimari/nLayeredDemo/src/test/resources
2022-03-06 17:28:27,177 [Worker-24: Building] INFO  o.e.m.c.i.embedder.EclipseLogger - Using 'UTF-8' encoding to copy filtered resources.
2022-03-06 17:28:27,178 [Worker-24: Building] INFO  o.e.m.c.i.embedder.EclipseLogger - skip non existing resourceDirectory /home/faruk/kodlama.io.java/Katmanlı Mimari/nLayeredDemo/src/main/resources
2022-03-06 17:28:27,179 [Worker-24: Building] INFO  o.e.m.c.i.embedder.EclipseLogger - Using 'UTF-8' encoding to copy filtered resources.
2022-03-06 17:28:27,179 [Worker-24: Building] INFO  o.e.m.c.i.embedder.EclipseLogger - skip non existing resourceDirectory /home/faruk/kodlama.io.java/Katmanlı Mimari/nLayeredDemo/src/test/resources
2022-03-06 17:28:33,967 [Worker-23: Building] INFO  o.e.m.c.i.embedder.EclipseLogger - Using 'UTF-8' encoding to copy filtered resources.
2022-03-06 17:28:33,967 [Worker-23: Building] INFO  o.e.m.c.i.embedder.EclipseLogger - skip non existing resourceDirectory /home/faruk/kodlama.io.java/Katmanlı Mimari/nLayeredDemo/src/main/resources
2022-03-06 17:28:33,969 [Worker-23: Building] INFO  o.e.m.c.i.embedder.EclipseLogger - Using 'UTF-8' encoding to copy filtered resources.
2022-03-06 17:28:33,969 [Worker-23: Building] INFO  o.e.m.c.i.embedder.EclipseLogger - skip non existing resourceDirectory /home/faruk/kodlama.io.java/Katmanlı Mimari/nLayeredDemo/src/test/resources
2022-03-06 17:28:41,102 [Worker-23: Building] INFO  o.e.m.c.i.embedder.EclipseLogger - Using 'UTF-8' encoding to copy filtered resources.
2022-03-06 17:28:41,102 [Worker-23: Building] INFO  o.e.m.c.i.embedder.EclipseLogger - skip non existing resourceDirectory /home/faruk/kodlama.io.java/Katmanlı Mimari/nLayeredDemo/src/main/resources
2022-03-06 17:28:41,104 [Worker-23: Building] INFO  o.e.m.c.i.embedder.EclipseLogger - Using 'UTF-8' encoding to copy filtered resources.
2022-03-06 17:28:41,104 [Worker-23: Building] INFO  o.e.m.c.i.embedder.EclipseLogger - skip non existing resourceDirectory /home/faruk/kodlama.io.java/Katmanlı Mimari/nLayeredDemo/src/test/resources
2022-03-06 17:28:47,496 [Worker-21: Building] INFO  o.e.m.c.i.embedder.EclipseLogger - Using 'UTF-8' encoding to copy filtered resources.
2022-03-06 17:28:47,496 [Worker-21: Building] INFO  o.e.m.c.i.embedder.EclipseLogger - skip non existing resourceDirectory /home/faruk/kodlama.io.java/Katmanlı Mimari/nLayeredDemo/src/main/resources
2022-03-06 17:28:47,497 [Worker-21: Building] INFO  o.e.m.c.i.embedder.EclipseLogger - Using 'UTF-8' encoding to copy filtered resources.
2022-03-06 17:28:47,497 [Worker-21: Building] INFO  o.e.m.c.i.embedder.EclipseLogger - skip non existing resourceDirectory /home/faruk/kodlama.io.java/Katmanlı Mimari/nLayeredDemo/src/test/resources
2022-03-06 17:29:33,762 [Worker-24: Building] INFO  o.e.m.c.i.embedder.EclipseLogger - Using 'UTF-8' encoding to copy filtered resources.
2022-03-06 17:29:33,762 [Worker-24: Building] INFO  o.e.m.c.i.embedder.EclipseLogger - skip non existing resourceDirectory /home/faruk/kodlama.io.java/Katmanlı Mimari/nLayeredDemo/src/main/resources
2022-03-06 17:29:33,764 [Worker-24: Building] INFO  o.e.m.c.i.embedder.EclipseLogger - Using 'UTF-8' encoding to copy filtered resources.
2022-03-06 17:29:33,765 [Worker-24: Building] INFO  o.e.m.c.i.embedder.EclipseLogger - skip non existing resourceDirectory /home/faruk/kodlama.io.java/Katmanlı Mimari/nLayeredDemo/src/test/resources
2022-03-06 17:30:32,326 [Worker-23: Building] INFO  o.e.m.c.i.embedder.EclipseLogger - Using 'UTF-8' encoding to copy filtered resources.
2022-03-06 17:30:32,327 [Worker-23: Building] INFO  o.e.m.c.i.embedder.EclipseLogger - skip non existing resourceDirectory /home/faruk/kodlama.io.java/Katmanlı Mimari/nLayeredDemo/src/main/resources
2022-03-06 17:30:32,329 [Worker-23: Building] INFO  o.e.m.c.i.embedder.EclipseLogger - Using 'UTF-8' encoding to copy filtered resources.
2022-03-06 17:30:32,330 [Worker-23: Building] INFO  o.e.m.c.i.embedder.EclipseLogger - skip non existing resourceDirectory /home/faruk/kodlama.io.java/Katmanlı Mimari/nLayeredDemo/src/test/resources
2022-03-06 17:31:45,015 [Worker-22: Building] INFO  o.e.m.c.i.embedder.EclipseLogger - Using 'UTF-8' encoding to copy filtered resources.
2022-03-06 17:31:45,015 [Worker-22: Building] INFO  o.e.m.c.i.embedder.EclipseLogger - skip non existing resourceDirectory /home/faruk/kodlama.io.java/Katmanlı Mimari/nLayeredDemo/src/main/resources
2022-03-06 17:31:45,017 [Worker-22: Building] INFO  o.e.m.c.i.embedder.EclipseLogger - Using 'UTF-8' encoding to copy filtered resources.
2022-03-06 17:31:45,017 [Worker-22: Building] INFO  o.e.m.c.i.embedder.EclipseLogger - skip non existing resourceDirectory /home/faruk/kodlama.io.java/Katmanlı Mimari/nLayeredDemo/src/test/resources
2022-03-06 17:32:32,863 [Worker-21: Building] INFO  o.e.m.c.i.embedder.EclipseLogger - Using 'UTF-8' encoding to copy filtered resources.
2022-03-06 17:32:32,864 [Worker-21: Building] INFO  o.e.m.c.i.embedder.EclipseLogger - skip non existing resourceDirectory /home/faruk/kodlama.io.java/Katmanlı Mimari/nLayeredDemo/src/main/resources
2022-03-06 17:32:32,868 [Worker-21: Building] INFO  o.e.m.c.i.embedder.EclipseLogger - Using 'UTF-8' encoding to copy filtered resources.
2022-03-06 17:32:32,868 [Worker-21: Building] INFO  o.e.m.c.i.embedder.EclipseLogger - skip non existing resourceDirectory /home/faruk/kodlama.io.java/Katmanlı Mimari/nLayeredDemo/src/test/resources
2022-03-06 17:33:27,834 [Worker-21: Building] INFO  o.e.m.c.i.embedder.EclipseLogger - Using 'UTF-8' encoding to copy filtered resources.
2022-03-06 17:33:27,835 [Worker-21: Building] INFO  o.e.m.c.i.embedder.EclipseLogger - skip non existing resourceDirectory /home/faruk/kodlama.io.java/Katmanlı Mimari/nLayeredDemo/src/main/resources
2022-03-06 17:33:27,837 [Worker-21: Building] INFO  o.e.m.c.i.embedder.EclipseLogger - Using 'UTF-8' encoding to copy filtered resources.
2022-03-06 17:33:27,837 [Worker-21: Building] INFO  o.e.m.c.i.embedder.EclipseLogger - skip non existing resourceDirectory /home/faruk/kodlama.io.java/Katmanlı Mimari/nLayeredDemo/src/test/resources
2022-03-06 17:33:46,967 [Worker-22: Building] INFO  o.e.m.c.i.embedder.EclipseLogger - Using 'UTF-8' encoding to copy filtered resources.
2022-03-06 17:33:46,967 [Worker-22: Building] INFO  o.e.m.c.i.embedder.EclipseLogger - skip non existing resourceDirectory /home/faruk/kodlama.io.java/Katmanlı Mimari/nLayeredDemo/src/main/resources
2022-03-06 17:33:46,970 [Worker-22: Building] INFO  o.e.m.c.i.embedder.EclipseLogger - Using 'UTF-8' encoding to copy filtered resources.
2022-03-06 17:33:46,970 [Worker-22: Building] INFO  o.e.m.c.i.embedder.EclipseLogger - skip non existing resourceDirectory /home/faruk/kodlama.io.java/Katmanlı Mimari/nLayeredDemo/src/test/resources
2022-03-06 17:35:26,956 [Worker-5: Building] INFO  o.e.m.c.i.embedder.EclipseLogger - Using 'UTF-8' encoding to copy filtered resources.
2022-03-06 17:35:26,957 [Worker-5: Building] INFO  o.e.m.c.i.embedder.EclipseLogger - skip non existing resourceDirectory /home/faruk/kodlama.io.java/Katmanlı Mimari/nLayeredDemo/src/main/resources
2022-03-06 17:35:26,960 [Worker-5: Building] INFO  o.e.m.c.i.embedder.EclipseLogger - Using 'UTF-8' encoding to copy filtered resources.
2022-03-06 17:35:26,960 [Worker-5: Building] INFO  o.e.m.c.i.embedder.EclipseLogger - skip non existing resourceDirectory /home/faruk/kodlama.io.java/Katmanlı Mimari/nLayeredDemo/src/test/resources
2022-03-06 17:36:04,491 [Worker-25: Building] INFO  o.e.m.c.i.embedder.EclipseLogger - Using 'UTF-8' encoding to copy filtered resources.
2022-03-06 17:36:04,491 [Worker-25: Building] INFO  o.e.m.c.i.embedder.EclipseLogger - skip non existing resourceDirectory /home/faruk/kodlama.io.java/Katmanlı Mimari/nLayeredDemo/src/main/resources
2022-03-06 17:36:04,492 [Worker-25: Building] INFO  o.e.m.c.i.embedder.EclipseLogger - Using 'UTF-8' encoding to copy filtered resources.
2022-03-06 17:36:04,492 [Worker-25: Building] INFO  o.e.m.c.i.embedder.EclipseLogger - skip non existing resourceDirectory /home/faruk/kodlama.io.java/Katmanlı Mimari/nLayeredDemo/src/test/resources
2022-03-06 17:36:12,549 [Worker-23: Building] INFO  o.e.m.c.i.embedder.EclipseLogger - Using 'UTF-8' encoding to copy filtered resources.
2022-03-06 17:36:12,549 [Worker-23: Building] INFO  o.e.m.c.i.embedder.EclipseLogger - skip non existing resourceDirectory /home/faruk/kodlama.io.java/Katmanlı Mimari/nLayeredDemo/src/main/resources
2022-03-06 17:36:12,549 [Worker-23: Building] INFO  o.e.m.c.i.embedder.EclipseLogger - Using 'UTF-8' encoding to copy filtered resources.
2022-03-06 17:36:12,550 [Worker-23: Building] INFO  o.e.m.c.i.embedder.EclipseLogger - skip non existing resourceDirectory /home/faruk/kodlama.io.java/Katmanlı Mimari/nLayeredDemo/src/test/resources
2022-03-06 17:36:21,628 [Worker-23: Building] INFO  o.e.m.c.i.embedder.EclipseLogger - Using 'UTF-8' encoding to copy filtered resources.
2022-03-06 17:36:21,628 [Worker-23: Building] INFO  o.e.m.c.i.embedder.EclipseLogger - skip non existing resourceDirectory /home/faruk/kodlama.io.java/Katmanlı Mimari/nLayeredDemo/src/main/resources
2022-03-06 17:36:21,629 [Worker-23: Building] INFO  o.e.m.c.i.embedder.EclipseLogger - Using 'UTF-8' encoding to copy filtered resources.
2022-03-06 17:36:21,630 [Worker-23: Building] INFO  o.e.m.c.i.embedder.EclipseLogger - skip non existing resourceDirectory /home/faruk/kodlama.io.java/Katmanlı Mimari/nLayeredDemo/src/test/resources
2022-03-06 17:37:23,494 [Worker-21: Building] INFO  o.e.m.c.i.embedder.EclipseLogger - Using 'UTF-8' encoding to copy filtered resources.
2022-03-06 17:37:23,495 [Worker-21: Building] INFO  o.e.m.c.i.embedder.EclipseLogger - skip non existing resourceDirectory /home/faruk/kodlama.io.java/Katmanlı Mimari/nLayeredDemo/src/main/resources
2022-03-06 17:37:23,498 [Worker-21: Building] INFO  o.e.m.c.i.embedder.EclipseLogger - Using 'UTF-8' encoding to copy filtered resources.
2022-03-06 17:37:23,498 [Worker-21: Building] INFO  o.e.m.c.i.embedder.EclipseLogger - skip non existing resourceDirectory /home/faruk/kodlama.io.java/Katmanlı Mimari/nLayeredDemo/src/test/resources
2022-03-06 17:37:25,603 [Worker-21: Building] INFO  o.e.m.c.i.embedder.EclipseLogger - Using 'UTF-8' encoding to copy filtered resources.
2022-03-06 17:37:25,603 [Worker-21: Building] INFO  o.e.m.c.i.embedder.EclipseLogger - skip non existing resourceDirectory /home/faruk/kodlama.io.java/Katmanlı Mimari/nLayeredDemo/src/main/resources
2022-03-06 17:37:25,605 [Worker-21: Building] INFO  o.e.m.c.i.embedder.EclipseLogger - Using 'UTF-8' encoding to copy filtered resources.
2022-03-06 17:37:25,605 [Worker-21: Building] INFO  o.e.m.c.i.embedder.EclipseLogger - skip non existing resourceDirectory /home/faruk/kodlama.io.java/Katmanlı Mimari/nLayeredDemo/src/test/resources
2022-03-06 17:37:56,125 [Worker-23: Building] INFO  o.e.m.c.i.embedder.EclipseLogger - Using 'UTF-8' encoding to copy filtered resources.
2022-03-06 17:37:56,125 [Worker-23: Building] INFO  o.e.m.c.i.embedder.EclipseLogger - skip non existing resourceDirectory /home/faruk/kodlama.io.java/Katmanlı Mimari/nLayeredDemo/src/main/resources
2022-03-06 17:37:56,126 [Worker-23: Building] INFO  o.e.m.c.i.embedder.EclipseLogger - Using 'UTF-8' encoding to copy filtered resources.
2022-03-06 17:37:56,127 [Worker-23: Building] INFO  o.e.m.c.i.embedder.EclipseLogger - skip non existing resourceDirectory /home/faruk/kodlama.io.java/Katmanlı Mimari/nLayeredDemo/src/test/resources
2022-03-06 17:38:23,003 [Worker-25: Building] INFO  o.e.m.c.i.embedder.EclipseLogger - Using 'UTF-8' encoding to copy filtered resources.
2022-03-06 17:38:23,004 [Worker-25: Building] INFO  o.e.m.c.i.embedder.EclipseLogger - skip non existing resourceDirectory /home/faruk/kodlama.io.java/Katmanlı Mimari/nLayeredDemo/src/main/resources
2022-03-06 17:38:23,005 [Worker-25: Building] INFO  o.e.m.c.i.embedder.EclipseLogger - Using 'UTF-8' encoding to copy filtered resources.
2022-03-06 17:38:23,005 [Worker-25: Building] INFO  o.e.m.c.i.embedder.EclipseLogger - skip non existing resourceDirectory /home/faruk/kodlama.io.java/Katmanlı Mimari/nLayeredDemo/src/test/resources
2022-03-06 17:38:34,611 [Worker-5: Building] INFO  o.e.m.c.i.embedder.EclipseLogger - Using 'UTF-8' encoding to copy filtered resources.
2022-03-06 17:38:34,612 [Worker-5: Building] INFO  o.e.m.c.i.embedder.EclipseLogger - skip non existing resourceDirectory /home/faruk/kodlama.io.java/Katmanlı Mimari/nLayeredDemo/src/main/resources
2022-03-06 17:38:34,614 [Worker-5: Building] INFO  o.e.m.c.i.embedder.EclipseLogger - Using 'UTF-8' encoding to copy filtered resources.
2022-03-06 17:38:34,615 [Worker-5: Building] INFO  o.e.m.c.i.embedder.EclipseLogger - skip non existing resourceDirectory /home/faruk/kodlama.io.java/Katmanlı Mimari/nLayeredDemo/src/test/resources
2022-03-06 17:38:57,106 [Worker-5: Building] INFO  o.e.m.c.i.embedder.EclipseLogger - Using 'UTF-8' encoding to copy filtered resources.
2022-03-06 17:38:57,106 [Worker-5: Building] INFO  o.e.m.c.i.embedder.EclipseLogger - skip non existing resourceDirectory /home/faruk/kodlama.io.java/Katmanlı Mimari/nLayeredDemo/src/main/resources
2022-03-06 17:38:57,108 [Worker-5: Building] INFO  o.e.m.c.i.embedder.EclipseLogger - Using 'UTF-8' encoding to copy filtered resources.
2022-03-06 17:38:57,108 [Worker-5: Building] INFO  o.e.m.c.i.embedder.EclipseLogger - skip non existing resourceDirectory /home/faruk/kodlama.io.java/Katmanlı Mimari/nLayeredDemo/src/test/resources
2022-03-06 17:39:57,198 [Worker-23: Building] INFO  o.e.m.c.i.embedder.EclipseLogger - Using 'UTF-8' encoding to copy filtered resources.
2022-03-06 17:39:57,198 [Worker-23: Building] INFO  o.e.m.c.i.embedder.EclipseLogger - skip non existing resourceDirectory /home/faruk/kodlama.io.java/Katmanlı Mimari/nLayeredDemo/src/main/resources
2022-03-06 17:39:57,200 [Worker-23: Building] INFO  o.e.m.c.i.embedder.EclipseLogger - Using 'UTF-8' encoding to copy filtered resources.
2022-03-06 17:39:57,200 [Worker-23: Building] INFO  o.e.m.c.i.embedder.EclipseLogger - skip non existing resourceDirectory /home/faruk/kodlama.io.java/Katmanlı Mimari/nLayeredDemo/src/test/resources
2022-03-06 17:40:18,951 [Worker-23: Building] INFO  o.e.m.c.i.embedder.EclipseLogger - Using 'UTF-8' encoding to copy filtered resources.
2022-03-06 17:40:18,951 [Worker-23: Building] INFO  o.e.m.c.i.embedder.EclipseLogger - skip non existing resourceDirectory /home/faruk/kodlama.io.java/Katmanlı Mimari/nLayeredDemo/src/main/resources
2022-03-06 17:40:18,953 [Worker-23: Building] INFO  o.e.m.c.i.embedder.EclipseLogger - Using 'UTF-8' encoding to copy filtered resources.
2022-03-06 17:40:18,953 [Worker-23: Building] INFO  o.e.m.c.i.embedder.EclipseLogger - skip non existing resourceDirectory /home/faruk/kodlama.io.java/Katmanlı Mimari/nLayeredDemo/src/test/resources
2022-03-06 17:40:31,059 [Worker-22: Building] INFO  o.e.m.c.i.embedder.EclipseLogger - Using 'UTF-8' encoding to copy filtered resources.
2022-03-06 17:40:31,059 [Worker-22: Building] INFO  o.e.m.c.i.embedder.EclipseLogger - skip non existing resourceDirectory /home/faruk/kodlama.io.java/Katmanlı Mimari/nLayeredDemo/src/main/resources
2022-03-06 17:40:31,062 [Worker-22: Building] INFO  o.e.m.c.i.embedder.EclipseLogger - Using 'UTF-8' encoding to copy filtered resources.
2022-03-06 17:40:31,062 [Worker-22: Building] INFO  o.e.m.c.i.embedder.EclipseLogger - skip non existing resourceDirectory /home/faruk/kodlama.io.java/Katmanlı Mimari/nLayeredDemo/src/test/resources
2022-03-06 17:40:38,750 [Worker-25: Building] INFO  o.e.m.c.i.embedder.EclipseLogger - Using 'UTF-8' encoding to copy filtered resources.
2022-03-06 17:40:38,750 [Worker-25: Building] INFO  o.e.m.c.i.embedder.EclipseLogger - skip non existing resourceDirectory /home/faruk/kodlama.io.java/Katmanlı Mimari/nLayeredDemo/src/main/resources
2022-03-06 17:40:38,751 [Worker-25: Building] INFO  o.e.m.c.i.embedder.EclipseLogger - Using 'UTF-8' encoding to copy filtered resources.
2022-03-06 17:40:38,751 [Worker-25: Building] INFO  o.e.m.c.i.embedder.EclipseLogger - skip non existing resourceDirectory /home/faruk/kodlama.io.java/Katmanlı Mimari/nLayeredDemo/src/test/resources
2022-03-06 17:41:00,889 [Worker-21: Building] INFO  o.e.m.c.i.embedder.EclipseLogger - Using 'UTF-8' encoding to copy filtered resources.
2022-03-06 17:41:00,890 [Worker-21: Building] INFO  o.e.m.c.i.embedder.EclipseLogger - skip non existing resourceDirectory /home/faruk/kodlama.io.java/Katmanlı Mimari/nLayeredDemo/src/main/resources
2022-03-06 17:41:00,891 [Worker-21: Building] INFO  o.e.m.c.i.embedder.EclipseLogger - Using 'UTF-8' encoding to copy filtered resources.
2022-03-06 17:41:00,891 [Worker-21: Building] INFO  o.e.m.c.i.embedder.EclipseLogger - skip non existing resourceDirectory /home/faruk/kodlama.io.java/Katmanlı Mimari/nLayeredDemo/src/test/resources
2022-03-06 17:41:12,618 [Worker-5: Building] INFO  o.e.m.c.i.embedder.EclipseLogger - Using 'UTF-8' encoding to copy filtered resources.
2022-03-06 17:41:12,618 [Worker-5: Building] INFO  o.e.m.c.i.embedder.EclipseLogger - skip non existing resourceDirectory /home/faruk/kodlama.io.java/Katmanlı Mimari/nLayeredDemo/src/main/resources
2022-03-06 17:41:12,619 [Worker-5: Building] INFO  o.e.m.c.i.embedder.EclipseLogger - Using 'UTF-8' encoding to copy filtered resources.
2022-03-06 17:41:12,620 [Worker-5: Building] INFO  o.e.m.c.i.embedder.EclipseLogger - skip non existing resourceDirectory /home/faruk/kodlama.io.java/Katmanlı Mimari/nLayeredDemo/src/test/resources
2022-03-06 17:42:06,155 [Worker-23: Building] INFO  o.e.m.c.i.embedder.EclipseLogger - Using 'UTF-8' encoding to copy filtered resources.
2022-03-06 17:42:06,155 [Worker-23: Building] INFO  o.e.m.c.i.embedder.EclipseLogger - skip non existing resourceDirectory /home/faruk/kodlama.io.java/Katmanlı Mimari/nLayeredDemo/src/main/resources
2022-03-06 17:42:06,157 [Worker-23: Building] INFO  o.e.m.c.i.embedder.EclipseLogger - Using 'UTF-8' encoding to copy filtered resources.
2022-03-06 17:42:06,157 [Worker-23: Building] INFO  o.e.m.c.i.embedder.EclipseLogger - skip non existing resourceDirectory /home/faruk/kodlama.io.java/Katmanlı Mimari/nLayeredDemo/src/test/resources
2022-03-06 17:42:09,674 [Worker-21: Building] INFO  o.e.m.c.i.embedder.EclipseLogger - Using 'UTF-8' encoding to copy filtered resources.
2022-03-06 17:42:09,674 [Worker-21: Building] INFO  o.e.m.c.i.embedder.EclipseLogger - skip non existing resourceDirectory /home/faruk/kodlama.io.java/Katmanlı Mimari/nLayeredDemo/src/main/resources
2022-03-06 17:42:09,675 [Worker-21: Building] INFO  o.e.m.c.i.embedder.EclipseLogger - Using 'UTF-8' encoding to copy filtered resources.
2022-03-06 17:42:09,676 [Worker-21: Building] INFO  o.e.m.c.i.embedder.EclipseLogger - skip non existing resourceDirectory /home/faruk/kodlama.io.java/Katmanlı Mimari/nLayeredDemo/src/test/resources
2022-03-06 17:43:01,923 [Worker-25: Building] INFO  o.e.m.c.i.embedder.EclipseLogger - Using 'UTF-8' encoding to copy filtered resources.
2022-03-06 17:43:01,924 [Worker-25: Building] INFO  o.e.m.c.i.embedder.EclipseLogger - skip non existing resourceDirectory /home/faruk/kodlama.io.java/Katmanlı Mimari/nLayeredDemo/src/main/resources
2022-03-06 17:43:01,925 [Worker-25: Building] INFO  o.e.m.c.i.embedder.EclipseLogger - Using 'UTF-8' encoding to copy filtered resources.
2022-03-06 17:43:01,925 [Worker-25: Building] INFO  o.e.m.c.i.embedder.EclipseLogger - skip non existing resourceDirectory /home/faruk/kodlama.io.java/Katmanlı Mimari/nLayeredDemo/src/test/resources
2022-03-06 17:44:50,336 [Worker-26: Building] INFO  o.e.m.c.i.embedder.EclipseLogger - Using 'UTF-8' encoding to copy filtered resources.
2022-03-06 17:44:50,336 [Worker-26: Building] INFO  o.e.m.c.i.embedder.EclipseLogger - skip non existing resourceDirectory /home/faruk/kodlama.io.java/Katmanlı Mimari/nLayeredDemo/src/main/resources
2022-03-06 17:44:50,340 [Worker-26: Building] INFO  o.e.m.c.i.embedder.EclipseLogger - Using 'UTF-8' encoding to copy filtered resources.
2022-03-06 17:44:50,340 [Worker-26: Building] INFO  o.e.m.c.i.embedder.EclipseLogger - skip non existing resourceDirectory /home/faruk/kodlama.io.java/Katmanlı Mimari/nLayeredDemo/src/test/resources
2022-03-06 17:45:02,075 [Worker-5: Building] INFO  o.e.m.c.i.embedder.EclipseLogger - Using 'UTF-8' encoding to copy filtered resources.
2022-03-06 17:45:02,075 [Worker-5: Building] INFO  o.e.m.c.i.embedder.EclipseLogger - skip non existing resourceDirectory /home/faruk/kodlama.io.java/Katmanlı Mimari/nLayeredDemo/src/main/resources
2022-03-06 17:45:02,076 [Worker-5: Building] INFO  o.e.m.c.i.embedder.EclipseLogger - Using 'UTF-8' encoding to copy filtered resources.
2022-03-06 17:45:02,076 [Worker-5: Building] INFO  o.e.m.c.i.embedder.EclipseLogger - skip non existing resourceDirectory /home/faruk/kodlama.io.java/Katmanlı Mimari/nLayeredDemo/src/test/resources
2022-03-06 17:45:09,868 [Worker-22: Building] INFO  o.e.m.c.i.embedder.EclipseLogger - Using 'UTF-8' encoding to copy filtered resources.
2022-03-06 17:45:09,868 [Worker-22: Building] INFO  o.e.m.c.i.embedder.EclipseLogger - skip non existing resourceDirectory /home/faruk/kodlama.io.java/Katmanlı Mimari/nLayeredDemo/src/main/resources
2022-03-06 17:45:09,869 [Worker-22: Building] INFO  o.e.m.c.i.embedder.EclipseLogger - Using 'UTF-8' encoding to copy filtered resources.
2022-03-06 17:45:09,869 [Worker-22: Building] INFO  o.e.m.c.i.embedder.EclipseLogger - skip non existing resourceDirectory /home/faruk/kodlama.io.java/Katmanlı Mimari/nLayeredDemo/src/test/resources
2022-03-06 17:46:11,761 [Worker-26: Building] INFO  o.e.m.c.i.embedder.EclipseLogger - Using 'UTF-8' encoding to copy filtered resources.
2022-03-06 17:46:11,761 [Worker-26: Building] INFO  o.e.m.c.i.embedder.EclipseLogger - skip non existing resourceDirectory /home/faruk/kodlama.io.java/Katmanlı Mimari/nLayeredDemo/src/main/resources
2022-03-06 17:46:11,762 [Worker-26: Building] INFO  o.e.m.c.i.embedder.EclipseLogger - Using 'UTF-8' encoding to copy filtered resources.
2022-03-06 17:46:11,762 [Worker-26: Building] INFO  o.e.m.c.i.embedder.EclipseLogger - skip non existing resourceDirectory /home/faruk/kodlama.io.java/Katmanlı Mimari/nLayeredDemo/src/test/resources
2022-03-06 17:46:23,345 [Worker-25: Building] INFO  o.e.m.c.i.embedder.EclipseLogger - Using 'UTF-8' encoding to copy filtered resources.
2022-03-06 17:46:23,345 [Worker-25: Building] INFO  o.e.m.c.i.embedder.EclipseLogger - skip non existing resourceDirectory /home/faruk/kodlama.io.java/Katmanlı Mimari/nLayeredDemo/src/main/resources
2022-03-06 17:46:23,347 [Worker-25: Building] INFO  o.e.m.c.i.embedder.EclipseLogger - Using 'UTF-8' encoding to copy filtered resources.
2022-03-06 17:46:23,347 [Worker-25: Building] INFO  o.e.m.c.i.embedder.EclipseLogger - skip non existing resourceDirectory /home/faruk/kodlama.io.java/Katmanlı Mimari/nLayeredDemo/src/test/resources
2022-03-06 17:46:30,908 [Worker-23: Building] INFO  o.e.m.c.i.embedder.EclipseLogger - Using 'UTF-8' encoding to copy filtered resources.
2022-03-06 17:46:30,908 [Worker-23: Building] INFO  o.e.m.c.i.embedder.EclipseLogger - skip non existing resourceDirectory /home/faruk/kodlama.io.java/Katmanlı Mimari/nLayeredDemo/src/main/resources
2022-03-06 17:46:30,909 [Worker-23: Building] INFO  o.e.m.c.i.embedder.EclipseLogger - Using 'UTF-8' encoding to copy filtered resources.
2022-03-06 17:46:30,910 [Worker-23: Building] INFO  o.e.m.c.i.embedder.EclipseLogger - skip non existing resourceDirectory /home/faruk/kodlama.io.java/Katmanlı Mimari/nLayeredDemo/src/test/resources
2022-03-06 17:47:56,615 [Worker-26: Building] INFO  o.e.m.c.i.embedder.EclipseLogger - Using 'UTF-8' encoding to copy filtered resources.
2022-03-06 17:47:56,615 [Worker-26: Building] INFO  o.e.m.c.i.embedder.EclipseLogger - skip non existing resourceDirectory /home/faruk/kodlama.io.java/Katmanlı Mimari/nLayeredDemo/src/main/resources
2022-03-06 17:47:56,617 [Worker-26: Building] INFO  o.e.m.c.i.embedder.EclipseLogger - Using 'UTF-8' encoding to copy filtered resources.
2022-03-06 17:47:56,617 [Worker-26: Building] INFO  o.e.m.c.i.embedder.EclipseLogger - skip non existing resourceDirectory /home/faruk/kodlama.io.java/Katmanlı Mimari/nLayeredDemo/src/test/resources
2022-03-06 17:48:30,006 [Worker-5: Building] INFO  o.e.m.c.i.embedder.EclipseLogger - Using 'UTF-8' encoding to copy filtered resources.
2022-03-06 17:48:30,006 [Worker-5: Building] INFO  o.e.m.c.i.embedder.EclipseLogger - skip non existing resourceDirectory /home/faruk/kodlama.io.java/Katmanlı Mimari/nLayeredDemo/src/main/resources
2022-03-06 17:48:30,007 [Worker-5: Building] INFO  o.e.m.c.i.embedder.EclipseLogger - Using 'UTF-8' encoding to copy filtered resources.
2022-03-06 17:48:30,007 [Worker-5: Building] INFO  o.e.m.c.i.embedder.EclipseLogger - skip non existing resourceDirectory /home/faruk/kodlama.io.java/Katmanlı Mimari/nLayeredDemo/src/test/resources
2022-03-06 17:48:46,729 [Worker-22: Building] INFO  o.e.m.c.i.embedder.EclipseLogger - Using 'UTF-8' encoding to copy filtered resources.
2022-03-06 17:48:46,729 [Worker-22: Building] INFO  o.e.m.c.i.embedder.EclipseLogger - skip non existing resourceDirectory /home/faruk/kodlama.io.java/Katmanlı Mimari/nLayeredDemo/src/main/resources
2022-03-06 17:48:46,729 [Worker-22: Building] INFO  o.e.m.c.i.embedder.EclipseLogger - Using 'UTF-8' encoding to copy filtered resources.
2022-03-06 17:48:46,730 [Worker-22: Building] INFO  o.e.m.c.i.embedder.EclipseLogger - skip non existing resourceDirectory /home/faruk/kodlama.io.java/Katmanlı Mimari/nLayeredDemo/src/test/resources
2022-03-06 17:48:58,204 [Worker-5: Building] INFO  o.e.m.c.i.embedder.EclipseLogger - Using 'UTF-8' encoding to copy filtered resources.
2022-03-06 17:48:58,205 [Worker-5: Building] INFO  o.e.m.c.i.embedder.EclipseLogger - skip non existing resourceDirectory /home/faruk/kodlama.io.java/Katmanlı Mimari/nLayeredDemo/src/main/resources
2022-03-06 17:48:58,206 [Worker-5: Building] INFO  o.e.m.c.i.embedder.EclipseLogger - Using 'UTF-8' encoding to copy filtered resources.
2022-03-06 17:48:58,206 [Worker-5: Building] INFO  o.e.m.c.i.embedder.EclipseLogger - skip non existing resourceDirectory /home/faruk/kodlama.io.java/Katmanlı Mimari/nLayeredDemo/src/test/resources
2022-03-06 17:49:08,528 [Worker-26: Building] INFO  o.e.m.c.i.embedder.EclipseLogger - Using 'UTF-8' encoding to copy filtered resources.
2022-03-06 17:49:08,529 [Worker-26: Building] INFO  o.e.m.c.i.embedder.EclipseLogger - skip non existing resourceDirectory /home/faruk/kodlama.io.java/Katmanlı Mimari/nLayeredDemo/src/main/resources
2022-03-06 17:49:08,531 [Worker-26: Building] INFO  o.e.m.c.i.embedder.EclipseLogger - Using 'UTF-8' encoding to copy filtered resources.
2022-03-06 17:49:08,531 [Worker-26: Building] INFO  o.e.m.c.i.embedder.EclipseLogger - skip non existing resourceDirectory /home/faruk/kodlama.io.java/Katmanlı Mimari/nLayeredDemo/src/test/resources
2022-03-06 17:50:13,695 [Worker-5: Building] INFO  o.e.m.c.i.embedder.EclipseLogger - Using 'UTF-8' encoding to copy filtered resources.
2022-03-06 17:50:13,696 [Worker-5: Building] INFO  o.e.m.c.i.embedder.EclipseLogger - skip non existing resourceDirectory /home/faruk/kodlama.io.java/Katmanlı Mimari/nLayeredDemo/src/main/resources
2022-03-06 17:50:13,697 [Worker-5: Building] INFO  o.e.m.c.i.embedder.EclipseLogger - Using 'UTF-8' encoding to copy filtered resources.
2022-03-06 17:50:13,697 [Worker-5: Building] INFO  o.e.m.c.i.embedder.EclipseLogger - skip non existing resourceDirectory /home/faruk/kodlama.io.java/Katmanlı Mimari/nLayeredDemo/src/test/resources
2022-03-06 17:50:26,984 [Worker-22: Building] INFO  o.e.m.c.i.embedder.EclipseLogger - Using 'UTF-8' encoding to copy filtered resources.
2022-03-06 17:50:26,984 [Worker-22: Building] INFO  o.e.m.c.i.embedder.EclipseLogger - skip non existing resourceDirectory /home/faruk/kodlama.io.java/Katmanlı Mimari/nLayeredDemo/src/main/resources
2022-03-06 17:50:26,985 [Worker-22: Building] INFO  o.e.m.c.i.embedder.EclipseLogger - Using 'UTF-8' encoding to copy filtered resources.
2022-03-06 17:50:26,985 [Worker-22: Building] INFO  o.e.m.c.i.embedder.EclipseLogger - skip non existing resourceDirectory /home/faruk/kodlama.io.java/Katmanlı Mimari/nLayeredDemo/src/test/resources
2022-03-06 17:50:32,436 [Worker-5: Building] INFO  o.e.m.c.i.embedder.EclipseLogger - Using 'UTF-8' encoding to copy filtered resources.
2022-03-06 17:50:32,436 [Worker-5: Building] INFO  o.e.m.c.i.embedder.EclipseLogger - skip non existing resourceDirectory /home/faruk/kodlama.io.java/Katmanlı Mimari/nLayeredDemo/src/main/resources
2022-03-06 17:50:32,437 [Worker-5: Building] INFO  o.e.m.c.i.embedder.EclipseLogger - Using 'UTF-8' encoding to copy filtered resources.
2022-03-06 17:50:32,437 [Worker-5: Building] INFO  o.e.m.c.i.embedder.EclipseLogger - skip non existing resourceDirectory /home/faruk/kodlama.io.java/Katmanlı Mimari/nLayeredDemo/src/test/resources
2022-03-06 17:51:09,984 [Worker-27: Building] INFO  o.e.m.c.i.embedder.EclipseLogger - Using 'UTF-8' encoding to copy filtered resources.
2022-03-06 17:51:09,984 [Worker-27: Building] INFO  o.e.m.c.i.embedder.EclipseLogger - skip non existing resourceDirectory /home/faruk/kodlama.io.java/Katmanlı Mimari/nLayeredDemo/src/main/resources
2022-03-06 17:51:09,986 [Worker-27: Building] INFO  o.e.m.c.i.embedder.EclipseLogger - Using 'UTF-8' encoding to copy filtered resources.
2022-03-06 17:51:09,986 [Worker-27: Building] INFO  o.e.m.c.i.embedder.EclipseLogger - skip non existing resourceDirectory /home/faruk/kodlama.io.java/Katmanlı Mimari/nLayeredDemo/src/test/resources
2022-03-06 17:51:33,885 [Worker-27: Building] INFO  o.e.m.c.i.embedder.EclipseLogger - Using 'UTF-8' encoding to copy filtered resources.
2022-03-06 17:51:33,885 [Worker-27: Building] INFO  o.e.m.c.i.embedder.EclipseLogger - skip non existing resourceDirectory /home/faruk/kodlama.io.java/Katmanlı Mimari/nLayeredDemo/src/main/resources
2022-03-06 17:51:33,886 [Worker-27: Building] INFO  o.e.m.c.i.embedder.EclipseLogger - Using 'UTF-8' encoding to copy filtered resources.
2022-03-06 17:51:33,886 [Worker-27: Building] INFO  o.e.m.c.i.embedder.EclipseLogger - skip non existing resourceDirectory /home/faruk/kodlama.io.java/Katmanlı Mimari/nLayeredDemo/src/test/resources
2022-03-06 17:51:54,661 [Worker-22: Building] INFO  o.e.m.c.i.embedder.EclipseLogger - Using 'UTF-8' encoding to copy filtered resources.
2022-03-06 17:51:54,661 [Worker-22: Building] INFO  o.e.m.c.i.embedder.EclipseLogger - skip non existing resourceDirectory /home/faruk/kodlama.io.java/Katmanlı Mimari/nLayeredDemo/src/main/resources
2022-03-06 17:51:54,664 [Worker-22: Building] INFO  o.e.m.c.i.embedder.EclipseLogger - Using 'UTF-8' encoding to copy filtered resources.
2022-03-06 17:51:54,664 [Worker-22: Building] INFO  o.e.m.c.i.embedder.EclipseLogger - skip non existing resourceDirectory /home/faruk/kodlama.io.java/Katmanlı Mimari/nLayeredDemo/src/test/resources
2022-03-06 17:52:05,881 [Worker-27: Building] INFO  o.e.m.c.i.embedder.EclipseLogger - Using 'UTF-8' encoding to copy filtered resources.
2022-03-06 17:52:05,881 [Worker-27: Building] INFO  o.e.m.c.i.embedder.EclipseLogger - skip non existing resourceDirectory /home/faruk/kodlama.io.java/Katmanlı Mimari/nLayeredDemo/src/main/resources
2022-03-06 17:52:05,883 [Worker-27: Building] INFO  o.e.m.c.i.embedder.EclipseLogger - Using 'UTF-8' encoding to copy filtered resources.
2022-03-06 17:52:05,883 [Worker-27: Building] INFO  o.e.m.c.i.embedder.EclipseLogger - skip non existing resourceDirectory /home/faruk/kodlama.io.java/Katmanlı Mimari/nLayeredDemo/src/test/resources
2022-03-06 17:53:30,866 [Worker-22: Building] INFO  o.e.m.c.i.embedder.EclipseLogger - Using 'UTF-8' encoding to copy filtered resources.
2022-03-06 17:53:30,866 [Worker-22: Building] INFO  o.e.m.c.i.embedder.EclipseLogger - skip non existing resourceDirectory /home/faruk/kodlama.io.java/Katmanlı Mimari/nLayeredDemo/src/main/resources
2022-03-06 17:53:30,867 [Worker-22: Building] INFO  o.e.m.c.i.embedder.EclipseLogger - Using 'UTF-8' encoding to copy filtered resources.
2022-03-06 17:53:30,867 [Worker-22: Building] INFO  o.e.m.c.i.embedder.EclipseLogger - skip non existing resourceDirectory /home/faruk/kodlama.io.java/Katmanlı Mimari/nLayeredDemo/src/test/resources
2022-03-06 17:53:51,411 [Worker-27: Building] INFO  o.e.m.c.i.embedder.EclipseLogger - Using 'UTF-8' encoding to copy filtered resources.
2022-03-06 17:53:51,411 [Worker-27: Building] INFO  o.e.m.c.i.embedder.EclipseLogger - skip non existing resourceDirectory /home/faruk/kodlama.io.java/Katmanlı Mimari/nLayeredDemo/src/main/resources
2022-03-06 17:53:51,412 [Worker-27: Building] INFO  o.e.m.c.i.embedder.EclipseLogger - Using 'UTF-8' encoding to copy filtered resources.
2022-03-06 17:53:51,412 [Worker-27: Building] INFO  o.e.m.c.i.embedder.EclipseLogger - skip non existing resourceDirectory /home/faruk/kodlama.io.java/Katmanlı Mimari/nLayeredDemo/src/test/resources
2022-03-06 17:54:33,080 [Worker-22: Building] INFO  o.e.m.c.i.embedder.EclipseLogger - Using 'UTF-8' encoding to copy filtered resources.
2022-03-06 17:54:33,080 [Worker-22: Building] INFO  o.e.m.c.i.embedder.EclipseLogger - skip non existing resourceDirectory /home/faruk/kodlama.io.java/Katmanlı Mimari/nLayeredDemo/src/main/resources
2022-03-06 17:54:33,081 [Worker-22: Building] INFO  o.e.m.c.i.embedder.EclipseLogger - Using 'UTF-8' encoding to copy filtered resources.
2022-03-06 17:54:33,081 [Worker-22: Building] INFO  o.e.m.c.i.embedder.EclipseLogger - skip non existing resourceDirectory /home/faruk/kodlama.io.java/Katmanlı Mimari/nLayeredDemo/src/test/resources
2022-03-06 17:55:45,733 [Worker-22: Building] INFO  o.e.m.c.i.embedder.EclipseLogger - Using 'UTF-8' encoding to copy filtered resources.
2022-03-06 17:55:45,733 [Worker-22: Building] INFO  o.e.m.c.i.embedder.EclipseLogger - skip non existing resourceDirectory /home/faruk/kodlama.io.java/Katmanlı Mimari/nLayeredDemo/src/main/resources
2022-03-06 17:55:45,734 [Worker-22: Building] INFO  o.e.m.c.i.embedder.EclipseLogger - Using 'UTF-8' encoding to copy filtered resources.
2022-03-06 17:55:45,734 [Worker-22: Building] INFO  o.e.m.c.i.embedder.EclipseLogger - skip non existing resourceDirectory /home/faruk/kodlama.io.java/Katmanlı Mimari/nLayeredDemo/src/test/resources
2022-03-06 17:56:11,897 [Worker-26: Building] INFO  o.e.m.c.i.embedder.EclipseLogger - Using 'UTF-8' encoding to copy filtered resources.
2022-03-06 17:56:11,897 [Worker-26: Building] INFO  o.e.m.c.i.embedder.EclipseLogger - skip non existing resourceDirectory /home/faruk/kodlama.io.java/Katmanlı Mimari/nLayeredDemo/src/main/resources
2022-03-06 17:56:11,898 [Worker-26: Building] INFO  o.e.m.c.i.embedder.EclipseLogger - Using 'UTF-8' encoding to copy filtered resources.
2022-03-06 17:56:11,898 [Worker-26: Building] INFO  o.e.m.c.i.embedder.EclipseLogger - skip non existing resourceDirectory /home/faruk/kodlama.io.java/Katmanlı Mimari/nLayeredDemo/src/test/resources
2022-03-06 17:57:10,068 [Worker-27: Building] INFO  o.e.m.c.i.embedder.EclipseLogger - Using 'UTF-8' encoding to copy filtered resources.
2022-03-06 17:57:10,069 [Worker-27: Building] INFO  o.e.m.c.i.embedder.EclipseLogger - skip non existing resourceDirectory /home/faruk/kodlama.io.java/Katmanlı Mimari/nLayeredDemo/src/main/resources
2022-03-06 17:57:10,070 [Worker-27: Building] INFO  o.e.m.c.i.embedder.EclipseLogger - Using 'UTF-8' encoding to copy filtered resources.
2022-03-06 17:57:10,071 [Worker-27: Building] INFO  o.e.m.c.i.embedder.EclipseLogger - skip non existing resourceDirectory /home/faruk/kodlama.io.java/Katmanlı Mimari/nLayeredDemo/src/test/resources
2022-03-06 17:57:34,887 [Worker-5: Building] INFO  o.e.m.c.i.embedder.EclipseLogger - Using 'UTF-8' encoding to copy filtered resources.
2022-03-06 17:57:34,887 [Worker-5: Building] INFO  o.e.m.c.i.embedder.EclipseLogger - skip non existing resourceDirectory /home/faruk/kodlama.io.java/Katmanlı Mimari/nLayeredDemo/src/main/resources
2022-03-06 17:57:34,888 [Worker-5: Building] INFO  o.e.m.c.i.embedder.EclipseLogger - Using 'UTF-8' encoding to copy filtered resources.
2022-03-06 17:57:34,888 [Worker-5: Building] INFO  o.e.m.c.i.embedder.EclipseLogger - skip non existing resourceDirectory /home/faruk/kodlama.io.java/Katmanlı Mimari/nLayeredDemo/src/test/resources
2022-03-06 17:57:40,799 [Worker-5: Building] INFO  o.e.m.c.i.embedder.EclipseLogger - Using 'UTF-8' encoding to copy filtered resources.
2022-03-06 17:57:40,799 [Worker-5: Building] INFO  o.e.m.c.i.embedder.EclipseLogger - skip non existing resourceDirectory /home/faruk/kodlama.io.java/Katmanlı Mimari/nLayeredDemo/src/main/resources
2022-03-06 17:57:40,800 [Worker-5: Building] INFO  o.e.m.c.i.embedder.EclipseLogger - Using 'UTF-8' encoding to copy filtered resources.
2022-03-06 17:57:40,800 [Worker-5: Building] INFO  o.e.m.c.i.embedder.EclipseLogger - skip non existing resourceDirectory /home/faruk/kodlama.io.java/Katmanlı Mimari/nLayeredDemo/src/test/resources
2022-03-06 17:58:03,475 [Worker-28: Building] INFO  o.e.m.c.i.embedder.EclipseLogger - Using 'UTF-8' encoding to copy filtered resources.
2022-03-06 17:58:03,476 [Worker-28: Building] INFO  o.e.m.c.i.embedder.EclipseLogger - skip non existing resourceDirectory /home/faruk/kodlama.io.java/Katmanlı Mimari/nLayeredDemo/src/main/resources
2022-03-06 17:58:03,477 [Worker-28: Building] INFO  o.e.m.c.i.embedder.EclipseLogger - Using 'UTF-8' encoding to copy filtered resources.
2022-03-06 17:58:03,477 [Worker-28: Building] INFO  o.e.m.c.i.embedder.EclipseLogger - skip non existing resourceDirectory /home/faruk/kodlama.io.java/Katmanlı Mimari/nLayeredDemo/src/test/resources
2022-03-06 17:58:09,173 [Worker-26: Building] INFO  o.e.m.c.i.embedder.EclipseLogger - Using 'UTF-8' encoding to copy filtered resources.
2022-03-06 17:58:09,173 [Worker-26: Building] INFO  o.e.m.c.i.embedder.EclipseLogger - skip non existing resourceDirectory /home/faruk/kodlama.io.java/Katmanlı Mimari/nLayeredDemo/src/main/resources
2022-03-06 17:58:09,174 [Worker-26: Building] INFO  o.e.m.c.i.embedder.EclipseLogger - Using 'UTF-8' encoding to copy filtered resources.
2022-03-06 17:58:09,174 [Worker-26: Building] INFO  o.e.m.c.i.embedder.EclipseLogger - skip non existing resourceDirectory /home/faruk/kodlama.io.java/Katmanlı Mimari/nLayeredDemo/src/test/resources
2022-03-06 17:58:31,444 [Worker-5: Building] INFO  o.e.m.c.i.embedder.EclipseLogger - Using 'UTF-8' encoding to copy filtered resources.
2022-03-06 17:58:31,444 [Worker-5: Building] INFO  o.e.m.c.i.embedder.EclipseLogger - skip non existing resourceDirectory /home/faruk/kodlama.io.java/Katmanlı Mimari/nLayeredDemo/src/main/resources
2022-03-06 17:58:31,445 [Worker-5: Building] INFO  o.e.m.c.i.embedder.EclipseLogger - Using 'UTF-8' encoding to copy filtered resources.
2022-03-06 17:58:31,445 [Worker-5: Building] INFO  o.e.m.c.i.embedder.EclipseLogger - skip non existing resourceDirectory /home/faruk/kodlama.io.java/Katmanlı Mimari/nLayeredDemo/src/test/resources
2022-03-06 17:59:54,102 [Worker-22: Building] INFO  o.e.m.c.i.embedder.EclipseLogger - Using 'UTF-8' encoding to copy filtered resources.
2022-03-06 17:59:54,102 [Worker-22: Building] INFO  o.e.m.c.i.embedder.EclipseLogger - skip non existing resourceDirectory /home/faruk/kodlama.io.java/Katmanlı Mimari/nLayeredDemo/src/main/resources
2022-03-06 17:59:54,103 [Worker-22: Building] INFO  o.e.m.c.i.embedder.EclipseLogger - Using 'UTF-8' encoding to copy filtered resources.
2022-03-06 17:59:54,103 [Worker-22: Building] INFO  o.e.m.c.i.embedder.EclipseLogger - skip non existing resourceDirectory /home/faruk/kodlama.io.java/Katmanlı Mimari/nLayeredDemo/src/test/resources
2022-03-06 18:00:18,959 [Worker-26: Building] INFO  o.e.m.c.i.embedder.EclipseLogger - Using 'UTF-8' encoding to copy filtered resources.
2022-03-06 18:00:18,960 [Worker-26: Building] INFO  o.e.m.c.i.embedder.EclipseLogger - skip non existing resourceDirectory /home/faruk/kodlama.io.java/Katmanlı Mimari/nLayeredDemo/src/main/resources
2022-03-06 18:00:18,962 [Worker-26: Building] INFO  o.e.m.c.i.embedder.EclipseLogger - Using 'UTF-8' encoding to copy filtered resources.
2022-03-06 18:00:18,962 [Worker-26: Building] INFO  o.e.m.c.i.embedder.EclipseLogger - skip non existing resourceDirectory /home/faruk/kodlama.io.java/Katmanlı Mimari/nLayeredDemo/src/test/resources
2022-03-06 18:00:32,378 [Worker-26: Building] INFO  o.e.m.c.i.embedder.EclipseLogger - Using 'UTF-8' encoding to copy filtered resources.
2022-03-06 18:00:32,378 [Worker-26: Building] INFO  o.e.m.c.i.embedder.EclipseLogger - skip non existing resourceDirectory /home/faruk/kodlama.io.java/Katmanlı Mimari/nLayeredDemo/src/main/resources
2022-03-06 18:00:32,380 [Worker-26: Building] INFO  o.e.m.c.i.embedder.EclipseLogger - Using 'UTF-8' encoding to copy filtered resources.
2022-03-06 18:00:32,381 [Worker-26: Building] INFO  o.e.m.c.i.embedder.EclipseLogger - skip non existing resourceDirectory /home/faruk/kodlama.io.java/Katmanlı Mimari/nLayeredDemo/src/test/resources
2022-03-06 18:00:48,602 [Worker-29: Building] INFO  o.e.m.c.i.embedder.EclipseLogger - Using 'UTF-8' encoding to copy filtered resources.
2022-03-06 18:00:48,603 [Worker-29: Building] INFO  o.e.m.c.i.embedder.EclipseLogger - skip non existing resourceDirectory /home/faruk/kodlama.io.java/Katmanlı Mimari/nLayeredDemo/src/main/resources
2022-03-06 18:00:48,604 [Worker-29: Building] INFO  o.e.m.c.i.embedder.EclipseLogger - Using 'UTF-8' encoding to copy filtered resources.
2022-03-06 18:00:48,604 [Worker-29: Building] INFO  o.e.m.c.i.embedder.EclipseLogger - skip non existing resourceDirectory /home/faruk/kodlama.io.java/Katmanlı Mimari/nLayeredDemo/src/test/resources
2022-03-06 18:01:31,586 [Worker-30: Building] INFO  o.e.m.c.i.embedder.EclipseLogger - Using 'UTF-8' encoding to copy filtered resources.
2022-03-06 18:01:31,586 [Worker-30: Building] INFO  o.e.m.c.i.embedder.EclipseLogger - skip non existing resourceDirectory /home/faruk/kodlama.io.java/Katmanlı Mimari/nLayeredDemo/src/main/resources
2022-03-06 18:01:31,588 [Worker-30: Building] INFO  o.e.m.c.i.embedder.EclipseLogger - Using 'UTF-8' encoding to copy filtered resources.
2022-03-06 18:01:31,588 [Worker-30: Building] INFO  o.e.m.c.i.embedder.EclipseLogger - skip non existing resourceDirectory /home/faruk/kodlama.io.java/Katmanlı Mimari/nLayeredDemo/src/test/resources
2022-03-06 18:03:19,490 [Worker-32: Building] INFO  o.e.m.c.i.embedder.EclipseLogger - Using 'UTF-8' encoding to copy filtered resources.
2022-03-06 18:03:19,490 [Worker-32: Building] INFO  o.e.m.c.i.embedder.EclipseLogger - skip non existing resourceDirectory /home/faruk/kodlama.io.java/Katmanlı Mimari/nLayeredDemo/src/main/resources
2022-03-06 18:03:19,491 [Worker-32: Building] INFO  o.e.m.c.i.embedder.EclipseLogger - Using 'UTF-8' encoding to copy filtered resources.
2022-03-06 18:03:19,491 [Worker-32: Building] INFO  o.e.m.c.i.embedder.EclipseLogger - skip non existing resourceDirectory /home/faruk/kodlama.io.java/Katmanlı Mimari/nLayeredDemo/src/test/resources
2022-03-06 18:03:41,596 [Worker-28: Building] INFO  o.e.m.c.i.embedder.EclipseLogger - Using 'UTF-8' encoding to copy filtered resources.
2022-03-06 18:03:41,597 [Worker-28: Building] INFO  o.e.m.c.i.embedder.EclipseLogger - skip non existing resourceDirectory /home/faruk/kodlama.io.java/Katmanlı Mimari/nLayeredDemo/src/main/resources
2022-03-06 18:03:41,600 [Worker-28: Building] INFO  o.e.m.c.i.embedder.EclipseLogger - Using 'UTF-8' encoding to copy filtered resources.
2022-03-06 18:03:41,600 [Worker-28: Building] INFO  o.e.m.c.i.embedder.EclipseLogger - skip non existing resourceDirectory /home/faruk/kodlama.io.java/Katmanlı Mimari/nLayeredDemo/src/test/resources
2022-03-06 18:03:47,046 [Worker-34: Building] INFO  o.e.m.c.i.embedder.EclipseLogger - Using 'UTF-8' encoding to copy filtered resources.
2022-03-06 18:03:47,046 [Worker-34: Building] INFO  o.e.m.c.i.embedder.EclipseLogger - skip non existing resourceDirectory /home/faruk/kodlama.io.java/Katmanlı Mimari/nLayeredDemo/src/main/resources
2022-03-06 18:03:47,047 [Worker-34: Building] INFO  o.e.m.c.i.embedder.EclipseLogger - Using 'UTF-8' encoding to copy filtered resources.
2022-03-06 18:03:47,048 [Worker-34: Building] INFO  o.e.m.c.i.embedder.EclipseLogger - skip non existing resourceDirectory /home/faruk/kodlama.io.java/Katmanlı Mimari/nLayeredDemo/src/test/resources
2022-03-06 18:05:03,075 [Worker-33: Building] INFO  o.e.m.c.i.embedder.EclipseLogger - Using 'UTF-8' encoding to copy filtered resources.
2022-03-06 18:05:03,075 [Worker-33: Building] INFO  o.e.m.c.i.embedder.EclipseLogger - skip non existing resourceDirectory /home/faruk/kodlama.io.java/Katmanlı Mimari/nLayeredDemo/src/main/resources
2022-03-06 18:05:03,076 [Worker-33: Building] INFO  o.e.m.c.i.embedder.EclipseLogger - Using 'UTF-8' encoding to copy filtered resources.
2022-03-06 18:05:03,076 [Worker-33: Building] INFO  o.e.m.c.i.embedder.EclipseLogger - skip non existing resourceDirectory /home/faruk/kodlama.io.java/Katmanlı Mimari/nLayeredDemo/src/test/resources
2022-03-06 18:05:41,363 [Worker-28: Building] INFO  o.e.m.c.i.embedder.EclipseLogger - Using 'UTF-8' encoding to copy filtered resources.
2022-03-06 18:05:41,363 [Worker-28: Building] INFO  o.e.m.c.i.embedder.EclipseLogger - skip non existing resourceDirectory /home/faruk/kodlama.io.java/Katmanlı Mimari/nLayeredDemo/src/main/resources
2022-03-06 18:05:41,364 [Worker-28: Building] INFO  o.e.m.c.i.embedder.EclipseLogger - Using 'UTF-8' encoding to copy filtered resources.
2022-03-06 18:05:41,364 [Worker-28: Building] INFO  o.e.m.c.i.embedder.EclipseLogger - skip non existing resourceDirectory /home/faruk/kodlama.io.java/Katmanlı Mimari/nLayeredDemo/src/test/resources
2022-03-06 18:06:29,283 [Worker-26: Building] INFO  o.e.m.c.i.embedder.EclipseLogger - Using 'UTF-8' encoding to copy filtered resources.
2022-03-06 18:06:29,283 [Worker-26: Building] INFO  o.e.m.c.i.embedder.EclipseLogger - skip non existing resourceDirectory /home/faruk/kodlama.io.java/Katmanlı Mimari/nLayeredDemo/src/main/resources
2022-03-06 18:06:29,284 [Worker-26: Building] INFO  o.e.m.c.i.embedder.EclipseLogger - Using 'UTF-8' encoding to copy filtered resources.
2022-03-06 18:06:29,284 [Worker-26: Building] INFO  o.e.m.c.i.embedder.EclipseLogger - skip non existing resourceDirectory /home/faruk/kodlama.io.java/Katmanlı Mimari/nLayeredDemo/src/test/resources
2022-03-06 18:07:02,702 [Worker-34: Building] INFO  o.e.m.c.i.embedder.EclipseLogger - Using 'UTF-8' encoding to copy filtered resources.
2022-03-06 18:07:02,702 [Worker-34: Building] INFO  o.e.m.c.i.embedder.EclipseLogger - skip non existing resourceDirectory /home/faruk/kodlama.io.java/Katmanlı Mimari/nLayeredDemo/src/main/resources
2022-03-06 18:07:02,703 [Worker-34: Building] INFO  o.e.m.c.i.embedder.EclipseLogger - Using 'UTF-8' encoding to copy filtered resources.
2022-03-06 18:07:02,703 [Worker-34: Building] INFO  o.e.m.c.i.embedder.EclipseLogger - skip non existing resourceDirectory /home/faruk/kodlama.io.java/Katmanlı Mimari/nLayeredDemo/src/test/resources
2022-03-06 18:08:26,827 [Worker-32: Building] INFO  o.e.m.c.i.embedder.EclipseLogger - Using 'UTF-8' encoding to copy filtered resources.
2022-03-06 18:08:26,827 [Worker-32: Building] INFO  o.e.m.c.i.embedder.EclipseLogger - skip non existing resourceDirectory /home/faruk/kodlama.io.java/Katmanlı Mimari/nLayeredDemo/src/main/resources
2022-03-06 18:08:26,829 [Worker-32: Building] INFO  o.e.m.c.i.embedder.EclipseLogger - Using 'UTF-8' encoding to copy filtered resources.
2022-03-06 18:08:26,830 [Worker-32: Building] INFO  o.e.m.c.i.embedder.EclipseLogger - skip non existing resourceDirectory /home/faruk/kodlama.io.java/Katmanlı Mimari/nLayeredDemo/src/test/resources
2022-03-06 18:08:41,005 [Worker-33: Building] INFO  o.e.m.c.i.embedder.EclipseLogger - Using 'UTF-8' encoding to copy filtered resources.
2022-03-06 18:08:41,005 [Worker-33: Building] INFO  o.e.m.c.i.embedder.EclipseLogger - skip non existing resourceDirectory /home/faruk/kodlama.io.java/Katmanlı Mimari/nLayeredDemo/src/main/resources
2022-03-06 18:08:41,006 [Worker-33: Building] INFO  o.e.m.c.i.embedder.EclipseLogger - Using 'UTF-8' encoding to copy filtered resources.
2022-03-06 18:08:41,006 [Worker-33: Building] INFO  o.e.m.c.i.embedder.EclipseLogger - skip non existing resourceDirectory /home/faruk/kodlama.io.java/Katmanlı Mimari/nLayeredDemo/src/test/resources
2022-03-06 18:08:55,760 [Worker-26: Building] INFO  o.e.m.c.i.embedder.EclipseLogger - Using 'UTF-8' encoding to copy filtered resources.
2022-03-06 18:08:55,760 [Worker-26: Building] INFO  o.e.m.c.i.embedder.EclipseLogger - skip non existing resourceDirectory /home/faruk/kodlama.io.java/Katmanlı Mimari/nLayeredDemo/src/main/resources
2022-03-06 18:08:55,761 [Worker-26: Building] INFO  o.e.m.c.i.embedder.EclipseLogger - Using 'UTF-8' encoding to copy filtered resources.
2022-03-06 18:08:55,761 [Worker-26: Building] INFO  o.e.m.c.i.embedder.EclipseLogger - skip non existing resourceDirectory /home/faruk/kodlama.io.java/Katmanlı Mimari/nLayeredDemo/src/test/resources
2022-03-06 18:09:07,150 [Worker-33: Building] INFO  o.e.m.c.i.embedder.EclipseLogger - Using 'UTF-8' encoding to copy filtered resources.
2022-03-06 18:09:07,151 [Worker-33: Building] INFO  o.e.m.c.i.embedder.EclipseLogger - skip non existing resourceDirectory /home/faruk/kodlama.io.java/Katmanlı Mimari/nLayeredDemo/src/main/resources
2022-03-06 18:09:07,154 [Worker-33: Building] INFO  o.e.m.c.i.embedder.EclipseLogger - Using 'UTF-8' encoding to copy filtered resources.
2022-03-06 18:09:07,154 [Worker-33: Building] INFO  o.e.m.c.i.embedder.EclipseLogger - skip non existing resourceDirectory /home/faruk/kodlama.io.java/Katmanlı Mimari/nLayeredDemo/src/test/resources
2022-03-06 18:09:23,393 [Worker-33: Building] INFO  o.e.m.c.i.embedder.EclipseLogger - Using 'UTF-8' encoding to copy filtered resources.
2022-03-06 18:09:23,393 [Worker-33: Building] INFO  o.e.m.c.i.embedder.EclipseLogger - skip non existing resourceDirectory /home/faruk/kodlama.io.java/Katmanlı Mimari/nLayeredDemo/src/main/resources
2022-03-06 18:09:23,394 [Worker-33: Building] INFO  o.e.m.c.i.embedder.EclipseLogger - Using 'UTF-8' encoding to copy filtered resources.
2022-03-06 18:09:23,394 [Worker-33: Building] INFO  o.e.m.c.i.embedder.EclipseLogger - skip non existing resourceDirectory /home/faruk/kodlama.io.java/Katmanlı Mimari/nLayeredDemo/src/test/resources
